<?xml version="1.0" encoding="UTF-8" ?>
<testsuites>
  <testsuite errors="0" failures="0" hostname="Tony-ZRSF" id="0" name="ComplexCalculationTest" package="" skipped="0" tests="2" time="0.058" timestamp="2016-05-23T07:06:13">
      <properties>
[...]
</properties>

      <testcase classname="ComplexCalculationTest" name="DivisionTest" time="0.0" />

      <testcase classname="ComplexCalculationTest" name="MultiplyTest" time="0.0" />

      <system-out><![CDATA[]]></system-out>

      <system-err><![CDATA[]]></system-err>

  </testsuite>
  <testsuite errors="0" failures="0" hostname="Tony-ZRSF" id="1" name="SimpleCalculationTest" package="" skipped="0" tests="2" time="0.064" timestamp="2016-05-23T07:06:14">
      <properties>
[...]
</properties>

      <testcase classname="SimpleCalculationTest" name="AddTest" time="0.001" />

      <testcase classname="SimpleCalculationTest" name="SubtrationTest" time="0.0" />

      <system-out><![CDATA[]]></system-out>

      <system-err><![CDATA[]]></system-err>

  </testsuite>
</testsuites>
